<?xml version="1.0" encoding="UTF-8"?>
<!-- Generated by org.testng.reporters.JUnitReportReporter -->
<testsuite hostname="DESKTOP-N24J41M" failures="0" tests="6" name="api.test.DDTests" time="0.571" errors="0" timestamp="2023-06-05T00:28:27 IST" skipped="0">
  <testcase classname="api.test.DDTests" name="testPostuser" time="0.096"/>
  <system-out/>
  <testcase classname="api.test.DDTests" name="testPostuser" time="0.114"/>
  <system-out/>
  <testcase classname="api.test.DDTests" name="testPostuser" time="0.096"/>
  <system-out/>
  <testcase classname="api.test.DDTests" name="testDeleteUserByName" time="0.081"/>
  <system-out/>
  <testcase classname="api.test.DDTests" name="testDeleteUserByName" time="0.082"/>
  <system-out/>
  <testcase classname="api.test.DDTests" name="testDeleteUserByName" time="0.102"/>
  <system-out/>
</testsuite> <!-- api.test.DDTests -->
