<?xml version="1.0" encoding="UTF-8"?>
<!-- Generated by org.testng.reporters.JUnitReportReporter -->
<testsuite hostname="DESKTOP-N24J41M" failures="0" tests="4" name="api.test.UserTests" time="4.175" errors="0" timestamp="2023-06-05T00:37:04 IST" skipped="0">
  <testcase classname="api.test.UserTests" name="testPostUser" time="3.636"/>
  <system-out/>
  <testcase classname="api.test.UserTests" name="testGetUserByName" time="0.152"/>
  <system-out/>
  <testcase classname="api.test.UserTests" name="testUpdateUserByName" time="0.264"/>
  <system-out/>
  <testcase classname="api.test.UserTests" name="testDeleteUserByName" time="0.123"/>
  <system-out/>
</testsuite> <!-- api.test.UserTests -->
